Build started 24/04/2015 6:18:56 AM.
     1>Project "C:\Users\George\Github Repositories\Artificial-Intelligence-for-games\AIEProjects-StarterTemplate\Project1\Project1.vcxproj" on node 2 (Build target(s)).
     1>ClCompile:
         C:\Program Files (x86)\Microsoft Visual Studio 12.0\VC\bin\CL.exe /c /I"C:\Users\George\Github Repositories\Artificial-Intelligence-for-games\AIEProjects-StarterTemplate\AIE_GL\include\\" /I"C:\Users\George\Github Repositories\Artificial-Intelligence-for-games\AIEProjects-StarterTemplate\libraries\glfw3\include\GLFW\\" /I"C:\Users\George\Github Repositories\Artificial-Intelligence-for-games\AIEProjects-StarterTemplate\libraries\glew\include\\" /I"C:\Users\George\Github Repositories\Artificial-Intelligence-for-games\AIEProjects-StarterTemplate\Project1\include\\" /ZI /nologo /W3 /WX- /Od /Oy- /D WIN32 /D _DEBUG /D _CONSOLE /D _UNICODE /D UNICODE /Gm /EHsc /RTC1 /MDd /GS /fp:precise /Zc:wchar_t /Zc:forScope /Fo"C:\Users\George\Github Repositories\Artificial-Intelligence-for-games\AIEProjects-StarterTemplate\CompilerJunk\Project1Debug\\" /Fd"C:\Users\George\Github Repositories\Artificial-Intelligence-for-games\AIEProjects-StarterTemplate\CompilerJunk\Project1Debug\vc120.pdb" /Gd /TP /analyze- /errorReport:prompt KeyboardController.cpp main.cpp source\Agent.cpp source\Game1.cpp source\IBehaviour.cpp source\Seek.cpp
         Seek.cpp
     1>c:\users\george\github repositories\artificial-intelligence-for-games\aieprojects-startertemplate\aie_gl\include\glm\gtx\scalar_multiplication.hpp(85): error C2719: 'rh': formal parameter with __declspec(align('16')) won't be aligned
     1>c:\users\george\github repositories\artificial-intelligence-for-games\aieprojects-startertemplate\aie_gl\include\glm\gtx\scalar_multiplication.hpp(85): error C2719: 'lh': formal parameter with __declspec(align('16')) won't be aligned
     1>c:\users\george\github repositories\artificial-intelligence-for-games\aieprojects-startertemplate\project1\include\keyboardcontroller.h(7): error C2504: 'IBehaviour' : base class undefined
     1>c:\users\george\github repositories\artificial-intelligence-for-games\aieprojects-startertemplate\project1\include\keyboardcontroller.h(11): error C2061: syntax error : identifier 'Agent'
     1>c:\users\george\github repositories\artificial-intelligence-for-games\aieprojects-startertemplate\project1\include\agent.h(35): error C2065: 'IBehaviour' : undeclared identifier
     1>c:\users\george\github repositories\artificial-intelligence-for-games\aieprojects-startertemplate\project1\include\agent.h(35): error C2923: 'std::shared_ptr' : 'IBehaviour' is not a valid template type argument for parameter '_Ty'
     1>c:\users\george\github repositories\artificial-intelligence-for-games\aieprojects-startertemplate\project1\include\agent.h(35): error C3203: 'shared_ptr' : unspecialized class template can't be used as a template argument for template parameter '_Ty', expected a real type
         IBehaviour.cpp
     1>c:\users\george\github repositories\artificial-intelligence-for-games\aieprojects-startertemplate\aie_gl\include\glm\gtx\scalar_multiplication.hpp(85): error C2719: 'rh': formal parameter with __declspec(align('16')) won't be aligned
     1>c:\users\george\github repositories\artificial-intelligence-for-games\aieprojects-startertemplate\aie_gl\include\glm\gtx\scalar_multiplication.hpp(85): error C2719: 'lh': formal parameter with __declspec(align('16')) won't be aligned
     1>c:\users\george\github repositories\artificial-intelligence-for-games\aieprojects-startertemplate\project1\include\keyboardcontroller.h(7): error C2504: 'IBehaviour' : base class undefined
     1>c:\users\george\github repositories\artificial-intelligence-for-games\aieprojects-startertemplate\project1\include\keyboardcontroller.h(11): error C2061: syntax error : identifier 'Agent'
     1>c:\users\george\github repositories\artificial-intelligence-for-games\aieprojects-startertemplate\project1\include\agent.h(35): error C2065: 'IBehaviour' : undeclared identifier
     1>c:\users\george\github repositories\artificial-intelligence-for-games\aieprojects-startertemplate\project1\include\agent.h(35): error C2923: 'std::shared_ptr' : 'IBehaviour' is not a valid template type argument for parameter '_Ty'
     1>c:\users\george\github repositories\artificial-intelligence-for-games\aieprojects-startertemplate\project1\include\agent.h(35): error C3203: 'shared_ptr' : unspecialized class template can't be used as a template argument for template parameter '_Ty', expected a real type
         Agent.cpp
     1>c:\users\george\github repositories\artificial-intelligence-for-games\aieprojects-startertemplate\aie_gl\include\glm\gtx\scalar_multiplication.hpp(85): error C2719: 'rh': formal parameter with __declspec(align('16')) won't be aligned
     1>c:\users\george\github repositories\artificial-intelligence-for-games\aieprojects-startertemplate\aie_gl\include\glm\gtx\scalar_multiplication.hpp(85): error C2719: 'lh': formal parameter with __declspec(align('16')) won't be aligned
     1>c:\users\george\github repositories\artificial-intelligence-for-games\aieprojects-startertemplate\project1\include\ibehaviour.h(8): error C2061: syntax error : identifier 'Agent'
     1>c:\users\george\github repositories\artificial-intelligence-for-games\aieprojects-startertemplate\project1\include\keyboardcontroller.h(11): error C2061: syntax error : identifier 'Agent'
     1>c:\users\george\github repositories\artificial-intelligence-for-games\aieprojects-startertemplate\project1\source\agent.cpp(5): error C2065: 'K' : undeclared identifier
     1>c:\users\george\github repositories\artificial-intelligence-for-games\aieprojects-startertemplate\project1\source\agent.cpp(5): error C2143: syntax error : missing ',' before ')'
     1>c:\users\george\github repositories\artificial-intelligence-for-games\aieprojects-startertemplate\project1\source\agent.cpp(6): error C2143: syntax error : missing ';' before '}'
     1>c:\users\george\github repositories\artificial-intelligence-for-games\aieprojects-startertemplate\project1\source\agent.cpp(9): error C2143: syntax error : missing ';' before '{'
     1>c:\users\george\github repositories\artificial-intelligence-for-games\aieprojects-startertemplate\project1\source\agent.cpp(11): error C2143: syntax error : missing ';' before '}'
     1>c:\users\george\github repositories\artificial-intelligence-for-games\aieprojects-startertemplate\project1\source\agent.cpp(14): error C2143: syntax error : missing ';' before '{'
     1>c:\users\george\github repositories\artificial-intelligence-for-games\aieprojects-startertemplate\project1\source\agent.cpp(21): error C2143: syntax error : missing ';' before '{'
     1>c:\users\george\github repositories\artificial-intelligence-for-games\aieprojects-startertemplate\project1\source\agent.cpp(23): error C2143: syntax error : missing ';' before '}'
     1>c:\users\george\github repositories\artificial-intelligence-for-games\aieprojects-startertemplate\project1\source\agent.cpp(26): error C2143: syntax error : missing ';' before '}'
     1>c:\users\george\github repositories\artificial-intelligence-for-games\aieprojects-startertemplate\project1\source\agent.cpp(27): error C2143: syntax error : missing ';' before '}'
     1>c:\users\george\github repositories\artificial-intelligence-for-games\aieprojects-startertemplate\project1\source\agent.cpp(27): fatal error C1004: unexpected end-of-file found
         KeyboardController.cpp
     1>c1xx : fatal error C1083: Cannot open source file: 'KeyboardController.cpp': No such file or directory
         Generating Code...
         Compiling...
         main.cpp
         Generating Code...
         Compiling...
         Game1.cpp
     1>c:\users\george\github repositories\artificial-intelligence-for-games\aieprojects-startertemplate\project1\source\game1.cpp(12): warning C4244: 'argument' : conversion from 'time_t' to 'unsigned int', possible loss of data
     1>c:\users\george\github repositories\artificial-intelligence-for-games\aieprojects-startertemplate\project1\source\game1.cpp(70): warning C4244: 'initializing' : conversion from 'std::streamoff' to 'int', possible loss of data
         Generating Code...
     1>Done Building Project "C:\Users\George\Github Repositories\Artificial-Intelligence-for-games\AIEProjects-StarterTemplate\Project1\Project1.vcxproj" (Build target(s)) -- FAILED.

Build FAILED.

Time Elapsed 00:00:07.45
